\BOOKMARK [1][-]{section.1}{\376\377\000W\000h\000y\000\040\000T\000h\000i\000s\000\040\000B\000o\000o\000k\000\040\000E\000x\000i\000s\000t\000s}{}% 1
\BOOKMARK [1][-]{section.2}{\376\377\000T\000h\000e\000\040\000F\000o\000u\000n\000d\000e\000r\000'\000s\000\040\000M\000a\000p}{}% 2
\BOOKMARK [1][-]{section.3}{\376\377\000H\000o\000w\000\040\000T\000a\000s\000t\000e\000\040\000I\000s\000\040\000B\000u\000i\000l\000t}{}% 3
\BOOKMARK [2][-]{subsection.3.1}{\376\377\000F\000i\000v\000e\000\040\000h\000a\000b\000i\000t\000s\000\040\000t\000h\000a\000t\000\040\000t\000r\000a\000i\000n\000\040\000t\000a\000s\000t\000e}{section.3}% 4
\BOOKMARK [1][-]{section.4}{\376\377\000K\000n\000o\000w\000l\000e\000d\000g\000e\000\040\000S\000y\000s\000t\000e\000m\000\040\000t\000o\000\040\000R\000e\000b\000u\000i\000l\000d}{}% 5
\BOOKMARK [2][-]{subsection.4.1}{\376\377\000G\000o\000o\000d\000\040\000t\000a\000s\000t\000e\000\040\000w\000h\000i\000l\000e\000\040\000l\000e\000a\000r\000n\000i\000n\000g}{section.4}% 6
\BOOKMARK [2][-]{subsection.4.2}{\376\377\000B\000a\000d\000\040\000t\000a\000s\000t\000e\000\040\000w\000h\000i\000l\000e\000\040\000l\000e\000a\000r\000n\000i\000n\000g}{section.4}% 7
\BOOKMARK [1][-]{section.5}{\376\377\000T\000w\000e\000l\000v\000e\000\040\000W\000e\000e\000k\000s\000\040\000T\000h\000a\000t\000\040\000B\000u\000i\000l\000d\000\040\000M\000o\000m\000e\000n\000t\000u\000m}{}% 8
\BOOKMARK [2][-]{subsection.5.1}{\376\377\000W\000e\000e\000k\000s\000\040\0001\000\040\000t\000o\000\040\0004\000:\000\040\000L\000a\000n\000g\000u\000a\000g\000e\000\040\000o\000f\000\040\000m\000o\000d\000e\000l\000i\000n\000g}{section.5}% 9
\BOOKMARK [2][-]{subsection.5.2}{\376\377\000W\000e\000e\000k\000s\000\040\0005\000\040\000t\000o\000\040\0008\000:\000\040\000S\000p\000i\000k\000e\000s\000,\000\040\000c\000i\000r\000c\000u\000i\000t\000s\000,\000\040\000a\000n\000d\000\040\000b\000o\000d\000i\000e\000s}{section.5}% 10
\BOOKMARK [2][-]{subsection.5.3}{\376\377\000W\000e\000e\000k\000s\000\040\0009\000\040\000t\000o\000\040\0001\0002\000:\000\040\000L\000e\000a\000r\000n\000i\000n\000g\000,\000\040\000i\000n\000t\000e\000r\000f\000a\000c\000e\000s\000,\000\040\000a\000n\000d\000\040\000f\000o\000u\000n\000d\000e\000r\000\040\000s\000y\000n\000t\000h\000e\000s\000i\000s}{section.5}% 11
\BOOKMARK [1][-]{section.6}{\376\377\000A\000\040\000T\000a\000s\000t\000e\000\040\000F\000i\000l\000t\000e\000r\000\040\000f\000o\000r\000\040\000R\000e\000s\000e\000a\000r\000c\000h\000\040\000a\000n\000d\000\040\000P\000r\000o\000d\000u\000c\000t\000\040\000D\000i\000r\000e\000c\000t\000i\000o\000n\000s}{}% 12
\BOOKMARK [1][-]{section.7}{\376\377\000A\000R\000I\000\040\000a\000s\000\040\000T\000h\000r\000e\000e\000\040\000I\000n\000t\000e\000r\000l\000o\000c\000k\000i\000n\000g\000\040\000S\000y\000s\000t\000e\000m\000s}{}% 13
\BOOKMARK [2][-]{subsection.7.1}{\376\377\000A\000l\000i\000v\000e}{section.7}% 14
\BOOKMARK [2][-]{subsection.7.2}{\376\377\000R\000e\000a\000l\000i\000z\000e}{section.7}% 15
\BOOKMARK [2][-]{subsection.7.3}{\376\377\000I\000n\000n\000o\000c\000e\000n\000c\000e}{section.7}% 16
\BOOKMARK [1][-]{section.8}{\376\377\000S\000h\000a\000r\000e\000d\000\040\000S\000t\000a\000c\000k\000\040\000B\000l\000u\000e\000p\000r\000i\000n\000t}{}% 17
\BOOKMARK [1][-]{section.9}{\376\377\000F\000o\000u\000n\000d\000e\000r\000\040\000O\000p\000e\000r\000a\000t\000i\000n\000g\000\040\000P\000r\000i\000n\000c\000i\000p\000l\000e\000s}{}% 18
\BOOKMARK [1][-]{section.10}{\376\377\000A\000e\000s\000t\000h\000e\000t\000i\000c\000\040\000a\000n\000d\000\040\000M\000o\000r\000a\000l\000\040\000D\000o\000c\000t\000r\000i\000n\000e}{}% 19
\BOOKMARK [1][-]{section.11}{\376\377\000S\000t\000r\000a\000t\000e\000g\000i\000c\000\040\000R\000e\000f\000u\000s\000a\000l\000s}{}% 20
\BOOKMARK [1][-]{section.12}{\376\377\000H\000o\000w\000\040\000t\000o\000\040\000U\000s\000e\000\040\000T\000h\000i\000s\000\040\000B\000o\000o\000k}{}% 21
\BOOKMARK [1][-]{section.13}{\376\377\000F\000i\000n\000a\000l\000\040\000S\000t\000a\000n\000d\000a\000r\000d}{}% 22
